Failed to fetch updates - TelegramConflictError: Telegram server says - Conflict: terminated by other getUpdates request; make sure that only one bot instance is running
Sleep for 1.000000 seconds and try again... (tryings = 0, bot id = 8253068855)
Failed to fetch updates - TelegramConflictError: Telegram server says - Conflict: terminated by other getUpdates request; make sure that only one bot instance is running
Sleep for 1.373005 seconds and try again... (tryings = 1, bot id = 8253068855)
Failed to fetch updates - TelegramConflictError: Telegram server says - Conflict: terminated by other getUpdates request; make sure that only one bot instance is running
Sleep for 1.887867 seconds and try again... (tryings = 2, bot id = 8253068855)
Failed to fetch updates - TelegramConflictError: Telegram server says - Conflict: terminated by other getUpdates request; make sure that only one bot instance is running
Sleep for 1.000000 seconds and try again... (tryings = 0, bot id = 8253068855)
Failed to fetch updates - TelegramConflictError: Telegram server says - Conflict: terminated by other getUpdates request; make sure that only one bot instance is running
Sleep for 1.000000 seconds and try again... (tryings = 0, bot id = 8253068855)
Failed to fetch updates - TelegramConflictError: Telegram server says - Conflict: terminated by other getUpdates request; make sure that only one bot instance is running
Sleep for 1.000000 seconds and try again... (tryings = 0, bot id = 8253068855)
Failed to fetch updates - TelegramConflictError: Telegram server says - Conflict: terminated by other getUpdates request; make sure that only one bot instance is running
Sleep for 1.296195 seconds and try again... (tryings = 1, bot id = 8253068855)
Failed to fetch updates - TelegramConflictError: Telegram server says - Conflict: terminated by other getUpdates request; make sure that only one bot instance is running
Sleep for 1.000000 seconds and try again... (tryings = 0, bot id = 8253068855)
Failed to fetch updates - TelegramConflictError: Telegram server says - Conflict: terminated by other getUpdates request; make sure that only one bot instance is running
Sleep for 1.246863 seconds and try again... (tryings = 1, bot id = 8253068855)
Failed to fetch updates - TelegramConflictError: Telegram server says - Conflict: terminated by other getUpdates request; make sure that only one bot instance is running
Sleep for 1.555894 seconds and try again... (tryings = 2, bot id = 8253068855)
Failed to fetch updates - TelegramConflictError: Telegram server says - Conflict: terminated by other getUpdates request; make sure that only one bot instance is running
Sleep for 2.030529 seconds and try again... (tryings = 3, bot id = 8253068855)
Failed to fetch updates - TelegramConflictError: Telegram server says - Conflict: terminated by other getUpdates request; make sure that only one bot instance is running
Sleep for 2.736868 seconds and try again... (tryings = 4, bot id = 8253068855)
Failed to fetch updates - TelegramConflictError: Telegram server says - Conflict: terminated by other getUpdates request; make sure that only one bot instance is running
Sleep for 3.486326 seconds and try again... (tryings = 5, bot id = 8253068855)
Failed to fetch updates - TelegramConflictError: Telegram server says - Conflict: terminated by other getUpdates request; make sure that only one bot instance is running
Sleep for 1.000000 seconds and try again... (tryings = 0, bot id = 8253068855)
Failed to fetch updates - TelegramConflictError: Telegram server says - Conflict: terminated by other getUpdates request; make sure that only one bot instance is running
Sleep for 1.000000 seconds and try again... (tryings = 0, bot id = 8253068855)
Failed to fetch updates - TelegramConflictError: Telegram server says - Conflict: terminated by other getUpdates request; make sure that only one bot instance is running
Sleep for 1.000000 seconds and try again... (tryings = 0, bot id = 8253068855)
Failed to fetch updates - TelegramConflictError: Telegram server says - Conflict: terminated by other getUpdates request; make sure that only one bot instance is running
Sleep for 1.400545 seconds and try again... (tryings = 1, bot id = 8253068855)
Failed to fetch updates - TelegramConflictError: Telegram server says - Conflict: terminated by other getUpdates request; make sure that only one bot instance is running
Sleep for 1.801869 seconds and try again... (tryings = 2, bot id = 8253068855)
Failed to fetch updates - TelegramConflictError: Telegram server says - Conflict: terminated by other getUpdates request; make sure that only one bot instance is running
Sleep for 2.154927 seconds and try again... (tryings = 3, bot id = 8253068855)
Failed to fetch updates - TelegramConflictError: Telegram server says - Conflict: terminated by other getUpdates request; make sure that only one bot instance is running
Sleep for 2.985402 seconds and try again... (tryings = 4, bot id = 8253068855)
Failed to fetch updates - TelegramConflictError: Telegram server says - Conflict: terminated by other getUpdates request; make sure that only one bot instance is running
Sleep for 3.960778 seconds and try again... (tryings = 5, bot id = 8253068855)
Failed to fetch updates - TelegramConflictError: Telegram server says - Conflict: terminated by other getUpdates request; make sure that only one bot instance is running
Sleep for 4.883483 seconds and try again... (tryings = 6, bot id = 8253068855)
Failed to fetch updates - TelegramConflictError: Telegram server says - Conflict: terminated by other getUpdates request; make sure that only one bot instance is running
Sleep for 5.046921 seconds and try again... (tryings = 7, bot id = 8253068855)
Failed to fetch updates - TelegramConflictError: Telegram server says - Conflict: terminated by other getUpdates request; make sure that only one bot instance is running
Sleep for 4.947931 seconds and try again... (tryings = 8, bot id = 8253068855)
Failed to fetch updates - TelegramConflictError: Telegram server says - Conflict: terminated by other getUpdates request; make sure that only one bot instance is running
Sleep for 4.939104 seconds and try again... (tryings = 9, bot id = 8253068855)
Failed to fetch updates - TelegramConflictError: Telegram server says - Conflict: terminated by other getUpdates request; make sure that only one bot instance is running
Sleep for 4.912377 seconds and try again... (tryings = 10, bot id = 8253068855)
Failed to fetch updates - TelegramConflictError: Telegram server says - Conflict: terminated by other getUpdates request; make sure that only one bot instance is running
Sleep for 5.124817 seconds and try again... (tryings = 11, bot id = 8253068855)
Failed to fetch updates - TelegramConflictError: Telegram server says - Conflict: terminated by other getUpdates request; make sure that only one bot instance is running
Sleep for 5.072847 seconds and try again... (tryings = 12, bot id = 8253068855)
Failed to fetch updates - TelegramConflictError: Telegram server says - Conflict: terminated by other getUpdates request; make sure that only one bot instance is running
Sleep for 4.786545 seconds and try again... (tryings = 13, bot id = 8253068855)
Failed to fetch updates - TelegramConflictError: Telegram server says - Conflict: terminated by other getUpdates request; make sure that only one bot instance is running
Sleep for 4.928222 seconds and try again... (tryings = 14, bot id = 8253068855)
Failed to fetch updates - TelegramConflictError: Telegram server says - Conflict: terminated by other getUpdates request; make sure that only one bot instance is running
Sleep for 4.975661 seconds and try again... (tryings = 15, bot id = 8253068855)
Failed to fetch updates - TelegramConflictError: Telegram server says - Conflict: terminated by other getUpdates request; make sure that only one bot instance is running
Sleep for 5.192173 seconds and try again... (tryings = 16, bot id = 8253068855)
Failed to fetch updates - TelegramConflictError: Telegram server says - Conflict: terminated by other getUpdates request; make sure that only one bot instance is running
Sleep for 5.049618 seconds and try again... (tryings = 17, bot id = 8253068855)
Failed to fetch updates - TelegramConflictError: Telegram server says - Conflict: terminated by other getUpdates request; make sure that only one bot instance is running
Sleep for 4.861335 seconds and try again... (tryings = 18, bot id = 8253068855)
Failed to fetch updates - TelegramConflictError: Telegram server says - Conflict: terminated by other getUpdates request; make sure that only one bot instance is running
Sleep for 4.910498 seconds and try again... (tryings = 19, bot id = 8253068855)
Failed to fetch updates - TelegramConflictError: Telegram server says - Conflict: terminated by other getUpdates request; make sure that only one bot instance is running
Sleep for 4.895740 seconds and try again... (tryings = 20, bot id = 8253068855)
Failed to fetch updates - TelegramConflictError: Telegram server says - Conflict: terminated by other getUpdates request; make sure that only one bot instance is running
Sleep for 5.018072 seconds and try again... (tryings = 21, bot id = 8253068855)
Failed to fetch updates - TelegramConflictError: Telegram server says - Conflict: terminated by other getUpdates request; make sure that only one bot instance is running
Sleep for 4.990973 seconds and try again... (tryings = 22, bot id = 8253068855)
Failed to fetch updates - TelegramConflictError: Telegram server says - Conflict: terminated by other getUpdates request; make sure that only one bot instance is running
Sleep for 5.044581 seconds and try again... (tryings = 23, bot id = 8253068855)
Failed to fetch updates - TelegramConflictError: Telegram server says - Conflict: terminated by other getUpdates request; make sure that only one bot instance is running
Sleep for 4.884895 seconds and try again... (tryings = 24, bot id = 8253068855)
Failed to fetch updates - TelegramConflictError: Telegram server says - Conflict: terminated by other getUpdates request; make sure that only one bot instance is running
Sleep for 4.962218 seconds and try again... (tryings = 25, bot id = 8253068855)
Failed to fetch updates - TelegramConflictError: Telegram server says - Conflict: terminated by other getUpdates request; make sure that only one bot instance is running
Sleep for 5.058980 seconds and try again... (tryings = 26, bot id = 8253068855)
Failed to fetch updates - TelegramConflictError: Telegram server says - Conflict: terminated by other getUpdates request; make sure that only one bot instance is running
Sleep for 5.044819 seconds and try again... (tryings = 27, bot id = 8253068855)
Failed to fetch updates - TelegramConflictError: Telegram server says - Conflict: terminated by other getUpdates request; make sure that only one bot instance is running
Sleep for 5.000812 seconds and try again... (tryings = 28, bot id = 8253068855)
Failed to fetch updates - TelegramConflictError: Telegram server says - Conflict: terminated by other getUpdates request; make sure that only one bot instance is running
Sleep for 4.980958 seconds and try again... (tryings = 29, bot id = 8253068855)
Failed to fetch updates - TelegramConflictError: Telegram server says - Conflict: terminated by other getUpdates request; make sure that only one bot instance is running
Sleep for 5.118577 seconds and try again... (tryings = 30, bot id = 8253068855)
Failed to fetch updates - TelegramConflictError: Telegram server says - Conflict: terminated by other getUpdates request; make sure that only one bot instance is running
Sleep for 5.039383 seconds and try again... (tryings = 31, bot id = 8253068855)
Failed to fetch updates - TelegramConflictError: Telegram server says - Conflict: terminated by other getUpdates request; make sure that only one bot instance is running
Sleep for 5.036293 seconds and try again... (tryings = 32, bot id = 8253068855)
Failed to fetch updates - TelegramConflictError: Telegram server says - Conflict: terminated by other getUpdates request; make sure that only one bot instance is running
Sleep for 5.068141 seconds and try again... (tryings = 33, bot id = 8253068855)
Failed to fetch updates - TelegramConflictError: Telegram server says - Conflict: terminated by other getUpdates request; make sure that only one bot instance is running
Sleep for 5.023147 seconds and try again... (tryings = 34, bot id = 8253068855)
Failed to fetch updates - TelegramConflictError: Telegram server says - Conflict: terminated by other getUpdates request; make sure that only one bot instance is running
Sleep for 5.193877 seconds and try again... (tryings = 35, bot id = 8253068855)
Failed to fetch updates - TelegramConflictError: Telegram server says - Conflict: terminated by other getUpdates request; make sure that only one bot instance is running
Sleep for 4.817091 seconds and try again... (tryings = 36, bot id = 8253068855)
Failed to fetch updates - TelegramConflictError: Telegram server says - Conflict: terminated by other getUpdates request; make sure that only one bot instance is running
Sleep for 4.801256 seconds and try again... (tryings = 37, bot id = 8253068855)
Failed to fetch updates - TelegramConflictError: Telegram server says - Conflict: terminated by other getUpdates request; make sure that only one bot instance is running
Sleep for 4.898096 seconds and try again... (tryings = 38, bot id = 8253068855)
Failed to fetch updates - TelegramConflictError: Telegram server says - Conflict: terminated by other getUpdates request; make sure that only one bot instance is running
Sleep for 5.018319 seconds and try again... (tryings = 39, bot id = 8253068855)
Failed to fetch updates - TelegramConflictError: Telegram server says - Conflict: terminated by other getUpdates request; make sure that only one bot instance is running
Sleep for 4.966246 seconds and try again... (tryings = 40, bot id = 8253068855)
Failed to fetch updates - TelegramConflictError: Telegram server says - Conflict: terminated by other getUpdates request; make sure that only one bot instance is running
Sleep for 4.919896 seconds and try again... (tryings = 41, bot id = 8253068855)
Failed to fetch updates - TelegramConflictError: Telegram server says - Conflict: terminated by other getUpdates request; make sure that only one bot instance is running
Sleep for 5.027782 seconds and try again... (tryings = 42, bot id = 8253068855)
Failed to fetch updates - TelegramConflictError: Telegram server says - Conflict: terminated by other getUpdates request; make sure that only one bot instance is running
Sleep for 4.894698 seconds and try again... (tryings = 43, bot id = 8253068855)
Failed to fetch updates - TelegramConflictError: Telegram server says - Conflict: terminated by other getUpdates request; make sure that only one bot instance is running
Sleep for 5.162976 seconds and try again... (tryings = 44, bot id = 8253068855)
Failed to fetch updates - TelegramConflictError: Telegram server says - Conflict: terminated by other getUpdates request; make sure that only one bot instance is running
Sleep for 4.865040 seconds and try again... (tryings = 45, bot id = 8253068855)
Failed to fetch updates - TelegramConflictError: Telegram server says - Conflict: terminated by other getUpdates request; make sure that only one bot instance is running
Sleep for 4.945994 seconds and try again... (tryings = 46, bot id = 8253068855)
Failed to fetch updates - TelegramConflictError: Telegram server says - Conflict: terminated by other getUpdates request; make sure that only one bot instance is running
Sleep for 5.096068 seconds and try again... (tryings = 47, bot id = 8253068855)
Failed to fetch updates - TelegramConflictError: Telegram server says - Conflict: terminated by other getUpdates request; make sure that only one bot instance is running
Sleep for 5.197519 seconds and try again... (tryings = 48, bot id = 8253068855)
Failed to fetch updates - TelegramConflictError: Telegram server says - Conflict: terminated by other getUpdates request; make sure that only one bot instance is running
Sleep for 5.007733 seconds and try again... (tryings = 49, bot id = 8253068855)
Failed to fetch updates - TelegramConflictError: Telegram server says - Conflict: terminated by other getUpdates request; make sure that only one bot instance is running
Sleep for 4.945105 seconds and try again... (tryings = 50, bot id = 8253068855)
Failed to fetch updates - TelegramConflictError: Telegram server says - Conflict: terminated by other getUpdates request; make sure that only one bot instance is running
Sleep for 4.906607 seconds and try again... (tryings = 51, bot id = 8253068855)
Failed to fetch updates - TelegramConflictError: Telegram server says - Conflict: terminated by other getUpdates request; make sure that only one bot instance is running
Sleep for 5.151383 seconds and try again... (tryings = 52, bot id = 8253068855)
Failed to fetch updates - TelegramConflictError: Telegram server says - Conflict: terminated by other getUpdates request; make sure that only one bot instance is running
Sleep for 5.087753 seconds and try again... (tryings = 53, bot id = 8253068855)
Failed to fetch updates - TelegramConflictError: Telegram server says - Conflict: terminated by other getUpdates request; make sure that only one bot instance is running
Sleep for 4.930946 seconds and try again... (tryings = 54, bot id = 8253068855)
Failed to fetch updates - TelegramConflictError: Telegram server says - Conflict: terminated by other getUpdates request; make sure that only one bot instance is running
Sleep for 4.935191 seconds and try again... (tryings = 55, bot id = 8253068855)
Failed to fetch updates - TelegramConflictError: Telegram server says - Conflict: terminated by other getUpdates request; make sure that only one bot instance is running
Sleep for 4.902623 seconds and try again... (tryings = 56, bot id = 8253068855)
Failed to fetch updates - TelegramConflictError: Telegram server says - Conflict: terminated by other getUpdates request; make sure that only one bot instance is running
Sleep for 4.916575 seconds and try again... (tryings = 57, bot id = 8253068855)
Failed to fetch updates - TelegramConflictError: Telegram server says - Conflict: terminated by other getUpdates request; make sure that only one bot instance is running
Sleep for 4.953318 seconds and try again... (tryings = 58, bot id = 8253068855)
Failed to fetch updates - TelegramConflictError: Telegram server says - Conflict: terminated by other getUpdates request; make sure that only one bot instance is running
Sleep for 4.886014 seconds and try again... (tryings = 59, bot id = 8253068855)
Failed to fetch updates - TelegramConflictError: Telegram server says - Conflict: terminated by other getUpdates request; make sure that only one bot instance is running
Sleep for 4.819550 seconds and try again... (tryings = 60, bot id = 8253068855)
Failed to fetch updates - TelegramConflictError: Telegram server says - Conflict: terminated by other getUpdates request; make sure that only one bot instance is running
Sleep for 4.929507 seconds and try again... (tryings = 61, bot id = 8253068855)
Failed to fetch updates - TelegramConflictError: Telegram server says - Conflict: terminated by other getUpdates request; make sure that only one bot instance is running
Sleep for 5.021409 seconds and try again... (tryings = 62, bot id = 8253068855)
Failed to fetch updates - TelegramConflictError: Telegram server says - Conflict: terminated by other getUpdates request; make sure that only one bot instance is running
Sleep for 5.040742 seconds and try again... (tryings = 63, bot id = 8253068855)
Failed to fetch updates - TelegramConflictError: Telegram server says - Conflict: terminated by other getUpdates request; make sure that only one bot instance is running
Sleep for 4.943526 seconds and try again... (tryings = 64, bot id = 8253068855)
Failed to fetch updates - TelegramNetworkError: HTTP Client says - ClientOSError: [Errno 103] Software caused connection abort
Sleep for 1.000000 seconds and try again... (tryings = 0, bot id = 8253068855)
Failed to fetch updates - TelegramNetworkError: HTTP Client says - ClientConnectorDNSError: Cannot connect to host api.telegram.org:443 ssl:default [No address associated with hostname]
Sleep for 1.257959 seconds and try again... (tryings = 1, bot id = 8253068855)
Failed to fetch updates - TelegramNetworkError: HTTP Client says - ClientConnectorDNSError: Cannot connect to host api.telegram.org:443 ssl:default [No address associated with hostname]
Sleep for 1.684382 seconds and try again... (tryings = 2, bot id = 8253068855)
Failed to fetch updates - TelegramNetworkError: HTTP Client says - ClientConnectorDNSError: Cannot connect to host api.telegram.org:443 ssl:default [No address associated with hostname]
Sleep for 2.298488 seconds and try again... (tryings = 3, bot id = 8253068855)
Failed to fetch updates - TelegramNetworkError: HTTP Client says - ClientConnectorDNSError: Cannot connect to host api.telegram.org:443 ssl:default [No address associated with hostname]
Sleep for 3.136453 seconds and try again... (tryings = 4, bot id = 8253068855)
Failed to fetch updates - TelegramNetworkError: HTTP Client says - ClientConnectorDNSError: Cannot connect to host api.telegram.org:443 ssl:default [No address associated with hostname]
Sleep for 3.911262 seconds and try again... (tryings = 5, bot id = 8253068855)
Failed to fetch updates - TelegramNetworkError: HTTP Client says - ClientConnectorDNSError: Cannot connect to host api.telegram.org:443 ssl:default [No address associated with hostname]
Sleep for 5.103049 seconds and try again... (tryings = 6, bot id = 8253068855)
Failed to fetch updates - TelegramNetworkError: HTTP Client says - ClientConnectorDNSError: Cannot connect to host api.telegram.org:443 ssl:default [No address associated with hostname]
Sleep for 5.126944 seconds and try again... (tryings = 7, bot id = 8253068855)
Failed to fetch updates - TelegramNetworkError: HTTP Client says - ClientConnectorDNSError: Cannot connect to host api.telegram.org:443 ssl:default [No address associated with hostname]
Sleep for 5.033137 seconds and try again... (tryings = 8, bot id = 8253068855)
Failed to fetch updates - TelegramNetworkError: HTTP Client says - ClientConnectorDNSError: Cannot connect to host api.telegram.org:443 ssl:default [No address associated with hostname]
Sleep for 5.107207 seconds and try again... (tryings = 9, bot id = 8253068855)
Failed to fetch updates - TelegramNetworkError: HTTP Client says - ClientConnectorDNSError: Cannot connect to host api.telegram.org:443 ssl:default [No address associated with hostname]
Sleep for 4.830906 seconds and try again... (tryings = 10, bot id = 8253068855)
Failed to fetch updates - TelegramNetworkError: HTTP Client says - ClientConnectorDNSError: Cannot connect to host api.telegram.org:443 ssl:default [No address associated with hostname]
Sleep for 5.137815 seconds and try again... (tryings = 11, bot id = 8253068855)
Failed to fetch updates - TelegramNetworkError: HTTP Client says - ClientConnectorDNSError: Cannot connect to host api.telegram.org:443 ssl:default [No address associated with hostname]
Sleep for 4.824649 seconds and try again... (tryings = 12, bot id = 8253068855)
Failed to fetch updates - TelegramNetworkError: HTTP Client says - ClientConnectorDNSError: Cannot connect to host api.telegram.org:443 ssl:default [No address associated with hostname]
Sleep for 4.849004 seconds and try again... (tryings = 13, bot id = 8253068855)
Failed to fetch updates - TelegramNetworkError: HTTP Client says - ClientConnectorDNSError: Cannot connect to host api.telegram.org:443 ssl:default [No address associated with hostname]
Sleep for 4.932294 seconds and try again... (tryings = 14, bot id = 8253068855)
Failed to fetch updates - TelegramNetworkError: HTTP Client says - ClientConnectorDNSError: Cannot connect to host api.telegram.org:443 ssl:default [No address associated with hostname]
Sleep for 5.054532 seconds and try again... (tryings = 15, bot id = 8253068855)
Failed to fetch updates - TelegramNetworkError: HTTP Client says - ClientConnectorDNSError: Cannot connect to host api.telegram.org:443 ssl:default [No address associated with hostname]
Sleep for 5.182389 seconds and try again... (tryings = 16, bot id = 8253068855)
Failed to fetch updates - TelegramNetworkError: HTTP Client says - ClientConnectorDNSError: Cannot connect to host api.telegram.org:443 ssl:default [No address associated with hostname]
Sleep for 4.986077 seconds and try again... (tryings = 17, bot id = 8253068855)
Failed to fetch updates - TelegramNetworkError: HTTP Client says - ClientConnectorDNSError: Cannot connect to host api.telegram.org:443 ssl:default [No address associated with hostname]
Sleep for 4.842079 seconds and try again... (tryings = 18, bot id = 8253068855)
Failed to fetch updates - TelegramNetworkError: HTTP Client says - ClientOSError: [Errno 103] Software caused connection abort
Sleep for 1.000000 seconds and try again... (tryings = 0, bot id = 8253068855)
Failed to fetch updates - TelegramNetworkError: HTTP Client says - ClientConnectorError: Cannot connect to host api.telegram.org:443 ssl:default [Network is unreachable]
Sleep for 1.197809 seconds and try again... (tryings = 1, bot id = 8253068855)
Failed to fetch updates - TelegramNetworkError: HTTP Client says - ClientConnectorError: Cannot connect to host api.telegram.org:443 ssl:default [Network is unreachable]
Sleep for 1.640774 seconds and try again... (tryings = 2, bot id = 8253068855)
Failed to fetch updates - TelegramNetworkError: HTTP Client says - ClientOSError: [Errno 103] Software caused connection abort
Sleep for 1.000000 seconds and try again... (tryings = 0, bot id = 8253068855)
Failed to fetch updates - TelegramNetworkError: HTTP Client says - ClientConnectorError: Cannot connect to host api.telegram.org:443 ssl:default [Network is unreachable]
Sleep for 1.262088 seconds and try again... (tryings = 1, bot id = 8253068855)
Failed to fetch updates - TelegramNetworkError: HTTP Client says - ClientConnectorError: Cannot connect to host api.telegram.org:443 ssl:default [Network is unreachable]
Sleep for 1.842964 seconds and try again... (tryings = 2, bot id = 8253068855)
